[debug] [2025-06-27T03:06:47.362Z] ----------------------------------------------------------------------
[debug] [2025-06-27T03:06:47.365Z] Command:       C:\Program Files\nodejs\node.exe C:\Users\thaip\AppData\Roaming\npm\node_modules\firebase-tools\lib\bin\firebase.js init
[debug] [2025-06-27T03:06:47.365Z] CLI Version:   14.7.0
[debug] [2025-06-27T03:06:47.365Z] Platform:      win32
[debug] [2025-06-27T03:06:47.365Z] Node Version:  v22.16.0
[debug] [2025-06-27T03:06:47.365Z] Time:          Fri Jun 27 2025 10:06:47 GMT+0700 (Indochina Time)
[debug] [2025-06-27T03:06:47.366Z] ----------------------------------------------------------------------
[debug] 
[debug] [2025-06-27T03:06:47.367Z] >>> [apiv2][query] GET https://firebase-public.firebaseio.com/cli.json [none]
[debug] [2025-06-27T03:06:47.411Z] > command requires scopes: ["email","openid","https://www.googleapis.com/auth/cloudplatformprojects.readonly","https://www.googleapis.com/auth/firebase","https://www.googleapis.com/auth/cloud-platform"]
[debug] [2025-06-27T03:06:47.411Z] > authorizing via signed-in user (thbinhkhanh@gmail.com)
[info] 
     ######## #### ########  ######## ########     ###     ######  ########
     ##        ##  ##     ## ##       ##     ##  ##   ##  ##       ##
     ######    ##  ########  ######   ########  #########  ######  ######
     ##        ##  ##    ##  ##       ##     ## ##     ##       ## ##
     ##       #### ##     ## ######## ########  ##     ##  ######  ########

You're about to initialize a Firebase project in this directory:

  D:\REACT WEB\tinhoc-binhkhanh

[debug] [2025-06-27T03:06:48.019Z] <<< [apiv2][status] GET https://firebase-public.firebaseio.com/cli.json 200
[debug] [2025-06-27T03:06:48.019Z] <<< [apiv2][body] GET https://firebase-public.firebaseio.com/cli.json {"cloudBuildErrorAfter":1594252800000,"cloudBuildWarnAfter":1590019200000,"defaultNode10After":1594252800000,"minVersion":"3.0.5","node8DeploysDisabledAfter":1613390400000,"node8RuntimeDisabledAfter":1615809600000,"node8WarnAfter":1600128000000}
[info] 
=== Project Setup
[info] 
[info] First, let's associate this project directory with a Firebase project.
[info] You can create multiple project aliases by running firebase use --add, 
[info] but for now we'll just set up a default project.
[info] 
[debug] [2025-06-27T03:09:39.539Z] Checked if tokens are valid: false, expires at: 1749807678396
[debug] [2025-06-27T03:09:39.540Z] Checked if tokens are valid: false, expires at: 1749807678396
[debug] [2025-06-27T03:09:39.540Z] > refreshing access token with scopes: []
[debug] [2025-06-27T03:09:39.543Z] >>> [apiv2][query] POST https://www.googleapis.com/oauth2/v3/token [none]
[debug] [2025-06-27T03:09:39.544Z] >>> [apiv2][body] POST https://www.googleapis.com/oauth2/v3/token [omitted]
[debug] [2025-06-27T03:09:39.795Z] <<< [apiv2][status] POST https://www.googleapis.com/oauth2/v3/token 200
[debug] [2025-06-27T03:09:39.795Z] <<< [apiv2][body] POST https://www.googleapis.com/oauth2/v3/token [omitted]
[debug] [2025-06-27T03:09:39.807Z] >>> [apiv2][query] GET https://firebase.googleapis.com/v1beta1/projects pageSize=100
[debug] [2025-06-27T03:09:40.481Z] <<< [apiv2][status] GET https://firebase.googleapis.com/v1beta1/projects 200
[debug] [2025-06-27T03:09:40.482Z] <<< [apiv2][body] GET https://firebase.googleapis.com/v1beta1/projects [omitted]
[info] i  Using project luyentaptinhoc-lvb (LuyentapTinhoc-LVB) 
[info] 
=== Hosting Setup
[debug] [2025-06-27T03:09:46.016Z] Checked if tokens are valid: true, expires at: 1750997378795
[debug] [2025-06-27T03:09:46.017Z] Checked if tokens are valid: true, expires at: 1750997378795
[debug] [2025-06-27T03:09:46.017Z] >>> [apiv2][query] GET https://firebase.googleapis.com/v1beta1/projects/luyentaptinhoc-lvb [none]
[debug] [2025-06-27T03:09:46.411Z] <<< [apiv2][status] GET https://firebase.googleapis.com/v1beta1/projects/luyentaptinhoc-lvb 200
[debug] [2025-06-27T03:09:46.412Z] <<< [apiv2][body] GET https://firebase.googleapis.com/v1beta1/projects/luyentaptinhoc-lvb {"projectId":"luyentaptinhoc-lvb","projectNumber":"310588521955","displayName":"LuyentapTinhoc-LVB","name":"projects/luyentaptinhoc-lvb","resources":{"hostingSite":"luyentaptinhoc-lvb"},"state":"ACTIVE","etag":"1_38b5f122-eb86-4e3f-a198-42bfe61b07f9"}
[info] 
[info] Your public directory is the folder (relative to your project directory) that
[info] will contain Hosting assets to be uploaded with firebase deploy. If you
[info] have a build process for your assets, use your build's output directory.
[info] 
[debug] [2025-06-27T03:12:43.855Z] >>> [apiv2][query] GET https://www.gstatic.com/firebasejs/releases.json [none]
[debug] [2025-06-27T03:12:44.062Z] <<< [apiv2][status] GET https://www.gstatic.com/firebasejs/releases.json 200
[debug] [2025-06-27T03:12:44.062Z] <<< [apiv2][body] GET https://www.gstatic.com/firebasejs/releases.json {"current":{"version":"11.9.1","browserURL":"https://www.gstatic.com/firebasejs/11.9.1/firebase.js","packageURL":"https://www.gstatic.com/firebasejs/11.9.1/firebase.tgz"},"live":{"version":"11.9","browserURL":"https://www.gstatic.com/firebasejs/live/11.9/firebase.js","packageURL":"https://www.gstatic.com/firebasejs/live/11.9/firebase.tgz"},"components":{"ai":"https://www.gstatic.com/firebasejs/11.9.1/firebase-ai.js","analytics":"https://www.gstatic.com/firebasejs/11.9.1/firebase-analytics.js","app":"https://www.gstatic.com/firebasejs/11.9.1/firebase-app.js","app-check":"https://www.gstatic.com/firebasejs/11.9.1/firebase-app-check.js","auth":"https://www.gstatic.com/firebasejs/11.9.1/firebase-auth.js","auth/cordova":"https://www.gstatic.com/firebasejs/11.9.1/firebase-auth/cordova.js","auth/web-extension":"https://www.gstatic.com/firebasejs/11.9.1/firebase-auth/web-extension.js","functions":"https://www.gstatic.com/firebasejs/11.9.1/firebase-functions.js","firestore":"https://www.gstatic.com/firebasejs/11.9.1/firebase-firestore.js","firestore/lite":"https://www.gstatic.com/firebasejs/11.9.1/firebase-firestore/lite.js","installations":"https://www.gstatic.com/firebasejs/11.9.1/firebase-installations.js","storage":"https://www.gstatic.com/firebasejs/11.9.1/firebase-storage.js","performance":"https://www.gstatic.com/firebasejs/11.9.1/firebase-performance.js","remote-config":"https://www.gstatic.com/firebasejs/11.9.1/firebase-remote-config.js","messaging":"https://www.gstatic.com/firebasejs/11.9.1/firebase-messaging.js","messaging/sw":"https://www.gstatic.com/firebasejs/11.9.1/firebase-messaging/sw.js","database":"https://www.gstatic.com/firebasejs/11.9.1/firebase-database.js","vertexai":"https://www.gstatic.com/firebasejs/11.9.1/firebase-vertexai.js","data-connect":"https://www.gstatic.com/firebasejs/11.9.1/firebase-data-connect.js","firestore.memory":"https://www.gstatic.com/firebasejs/11.9.1/firebase-firestore.memory.js"}}
[info] +  Wrote build/index.html 
[info] 
[info] i  Didn't detect a .git folder. Assuming D:\REACT WEB\tinhoc-binhkhanh is the project root. 
[info] i  Authorizing with GitHub to upload your service account to a GitHub repository's secrets store. 
[info] 
[info] Visit this URL on this device to log in:
[info] https://github.com/login/oauth/authorize?client_id=89cf50f02ac6aaed3484&state=936599847&redirect_uri=http%3A%2F%2Flocalhost%3A9005&scope=read%3Auser%20repo%20public_repo
[info] 
[info] Waiting for authentication...
[debug] [2025-06-27T03:15:05.817Z] >>> [apiv2][query] POST https://github.com/login/oauth/access_token [none]
[debug] [2025-06-27T03:15:05.818Z] >>> [apiv2][body] POST https://github.com/login/oauth/access_token [stream]
[debug] [2025-06-27T03:15:06.838Z] <<< [apiv2][status] POST https://github.com/login/oauth/access_token 200
[debug] [2025-06-27T03:15:06.838Z] <<< [apiv2][body] POST https://github.com/login/oauth/access_token {"access_token":"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","token_type":"bearer","scope":"read:user,repo"}
[debug] [2025-06-27T03:15:06.840Z] >>> [apiv2][query] GET https://api.github.com/user [none]
[debug] [2025-06-27T03:15:07.482Z] <<< [apiv2][status] GET https://api.github.com/user 200
[debug] [2025-06-27T03:15:07.482Z] <<< [apiv2][body] GET https://api.github.com/user {"login":"thbinhkhanh","id":215937777,"node_id":"U_kgDODN7y8Q","avatar_url":"https://avatars.githubusercontent.com/u/215937777?v=4","gravatar_id":"","url":"https://api.github.com/users/thbinhkhanh","html_url":"https://github.com/thbinhkhanh","followers_url":"https://api.github.com/users/thbinhkhanh/followers","following_url":"https://api.github.com/users/thbinhkhanh/following{/other_user}","gists_url":"https://api.github.com/users/thbinhkhanh/gists{/gist_id}","starred_url":"https://api.github.com/users/thbinhkhanh/starred{/owner}{/repo}","subscriptions_url":"https://api.github.com/users/thbinhkhanh/subscriptions","organizations_url":"https://api.github.com/users/thbinhkhanh/orgs","repos_url":"https://api.github.com/users/thbinhkhanh/repos","events_url":"https://api.github.com/users/thbinhkhanh/events{/privacy}","received_events_url":"https://api.github.com/users/thbinhkhanh/received_events","type":"User","user_view_type":"private","site_admin":false,"name":null,"company":null,"blog":"","location":null,"email":null,"hireable":null,"bio":null,"twitter_username":null,"notification_email":null,"public_repos":1,"public_gists":0,"followers":0,"following":0,"created_at":"2025-06-12T01:36:22Z","updated_at":"2025-06-12T01:36:43Z","private_gists":0,"total_private_repos":0,"owned_private_repos":0,"disk_usage":16488,"collaborators":0,"two_factor_authentication":false,"plan":{"name":"free","space":976562499,"collaborators":0,"private_repos":10000}}
[info] 
[info] +  Success! Logged into GitHub as thbinhkhanh 
[info] 
[debug] [2025-06-27T03:15:54.857Z] >>> [apiv2][query] GET https://api.github.com/repos/thbinhkhanh/LuyentapTinhoc-LVB/actions/secrets/public-key type=owner
[debug] [2025-06-27T03:15:55.442Z] <<< [apiv2][status] GET https://api.github.com/repos/thbinhkhanh/LuyentapTinhoc-LVB/actions/secrets/public-key 404
[debug] [2025-06-27T03:15:55.442Z] <<< [apiv2][body] GET https://api.github.com/repos/thbinhkhanh/LuyentapTinhoc-LVB/actions/secrets/public-key {"message":"Not Found","documentation_url":"https://docs.github.com/rest/actions/secrets#get-a-repository-public-key","status":"404"}
[info] 
[info] 
[error] !  The provided authorization cannot be used with this repository. If this repository is in an organization, did you remember to grant access? 
[info] 
[info] i  Action required: Visit this URL to ensure access has been granted to the appropriate organization(s) for the Firebase CLI GitHub OAuth App: 
[info] https://github.com/settings/connections/applications/89cf50f02ac6aaed3484
[info] 
[debug] [2025-06-27T03:20:53.064Z] >>> [apiv2][query] GET https://api.github.com/repos/thbinhkhanh/LuyentapTinhoc-LVB/actions/secrets/public-key type=owner
[debug] [2025-06-27T03:20:53.682Z] <<< [apiv2][status] GET https://api.github.com/repos/thbinhkhanh/LuyentapTinhoc-LVB/actions/secrets/public-key 404
[debug] [2025-06-27T03:20:53.682Z] <<< [apiv2][body] GET https://api.github.com/repos/thbinhkhanh/LuyentapTinhoc-LVB/actions/secrets/public-key {"message":"Not Found","documentation_url":"https://docs.github.com/rest/actions/secrets#get-a-repository-public-key","status":"404"}
[info] 
[info] 
[error] !  The provided authorization cannot be used with this repository. If this repository is in an organization, did you remember to grant access? 
[info] 
[info] i  Action required: Visit this URL to ensure access has been granted to the appropriate organization(s) for the Firebase CLI GitHub OAuth App: 
[info] https://github.com/settings/connections/applications/89cf50f02ac6aaed3484
[info] 
[debug] [2025-06-27T03:22:01.643Z] >>> [apiv2][query] GET https://api.github.com/repos/thbinhkhan/LuyentapTinhoc-LVB/actions/secrets/public-key type=owner
[debug] [2025-06-27T03:22:02.070Z] <<< [apiv2][status] GET https://api.github.com/repos/thbinhkhan/LuyentapTinhoc-LVB/actions/secrets/public-key 404
[debug] [2025-06-27T03:22:02.071Z] <<< [apiv2][body] GET https://api.github.com/repos/thbinhkhan/LuyentapTinhoc-LVB/actions/secrets/public-key {"message":"Not Found","documentation_url":"https://docs.github.com/rest/actions/secrets#get-a-repository-public-key","status":"404"}
[info] 
[info] 
[error] !  The provided authorization cannot be used with this repository. If this repository is in an organization, did you remember to grant access? 
[info] 
[info] i  Action required: Visit this URL to ensure access has been granted to the appropriate organization(s) for the Firebase CLI GitHub OAuth App: 
[info] https://github.com/settings/connections/applications/89cf50f02ac6aaed3484
[info] 
